<?xml version="1.0" encoding="UTF-8"?>
<!-- Generated by org.testng.reporters.JUnitReportReporter -->
<testsuite skipped="0" hostname="Radha-PC" name="com.test.Test" tests="16" failures="0" timestamp="2022-03-15T15:07:23 IST" time="511.362" errors="0">
  <testcase name="testCase001" time="78.023" classname="com.test.Test"/>
  <testcase name="testCase002" time="43.816" classname="com.test.Test"/>
  <testcase name="testCase003" time="36.736" classname="com.test.Test"/>
  <testcase name="testCase004" time="43.963" classname="com.test.Test"/>
  <testcase name="testCase005" time="13.046" classname="com.test.Test"/>
  <testcase name="testCase006" time="33.639" classname="com.test.Test"/>
  <testcase name="testCase007" time="15.953" classname="com.test.Test"/>
  <testcase name="testCase008" time="45.580" classname="com.test.Test"/>
  <testcase name="testCase009" time="11.992" classname="com.test.Test"/>
  <testcase name="testCase010" time="34.019" classname="com.test.Test"/>
  <testcase name="testCase011" time="20.661" classname="com.test.Test"/>
  <testcase name="testCase012" time="23.103" classname="com.test.Test"/>
  <testcase name="testCase013" time="25.793" classname="com.test.Test"/>
  <testcase name="testCase014" time="34.260" classname="com.test.Test"/>
  <testcase name="testCase015" time="35.487" classname="com.test.Test"/>
  <testcase name="testCase016" time="15.291" classname="com.test.Test"/>
</testsuite> <!-- com.test.Test -->
